<?xml version="1.0" encoding="UTF-8"?>
<testsuite xmlns:xsi="http://www.w3.org/2001/XMLSchema-instance" xsi:noNamespaceSchemaLocation="https://maven.apache.org/surefire/maven-surefire-plugin/xsd/surefire-test-report-3.0.xsd" version="3.0" name="eu.luminis.workshop.smallsteps.GreetingControllerTest" time="13.566" tests="1" errors="0" skipped="0" failures="0">
  <properties>
    <property name="java.specification.version" value="18"/>
    <property name="sun.cpu.isalist" value="amd64"/>
    <property name="sun.jnu.encoding" value="Cp1252"/>
    <property name="test.url" value="http://localhost:8081"/>
    <property name="java.class.path" value="C:\workspaces\devoxx-2022\workshop-devoxx-2022\part-01\target\test-classes;C:\workspaces\devoxx-2022\workshop-devoxx-2022\part-01\target\classes;C:\var\maven-repo\io\quarkus\quarkus-resteasy-reactive-jackson\2.12.2.Final\quarkus-resteasy-reactive-jackson-2.12.2.Final.jar;C:\var\maven-repo\io\quarkus\quarkus-resteasy-reactive\2.12.2.Final\quarkus-resteasy-reactive-2.12.2.Final.jar;C:\var\maven-repo\io\quarkus\quarkus-resteasy-reactive-common\2.12.2.Final\quarkus-resteasy-reactive-common-2.12.2.Final.jar;C:\var\maven-repo\io\quarkus\resteasy\reactive\resteasy-reactive-common\2.12.2.Final\resteasy-reactive-common-2.12.2.Final.jar;C:\var\maven-repo\io\quarkus\resteasy\reactive\resteasy-reactive-common-types\2.12.2.Final\resteasy-reactive-common-types-2.12.2.Final.jar;C:\var\maven-repo\io\smallrye\reactive\mutiny\1.7.0\mutiny-1.7.0.jar;C:\var\maven-repo\org\reactivestreams\reactive-streams\1.0.3\reactive-streams-1.0.3.jar;C:\var\maven-repo\io\smallrye\common\smallrye-common-annotation\1.13.0\smallrye-common-annotation-1.13.0.jar;C:\var\maven-repo\io\quarkus\quarkus-mutiny\2.12.2.Final\quarkus-mutiny-2.12.2.Final.jar;C:\var\maven-repo\io\quarkus\quarkus-smallrye-context-propagation\2.12.2.Final\quarkus-smallrye-context-propagation-2.12.2.Final.jar;C:\var\maven-repo\io\smallrye\smallrye-context-propagation\1.2.2\smallrye-context-propagation-1.2.2.jar;C:\var\maven-repo\io\smallrye\smallrye-context-propagation-api\1.2.2\smallrye-context-propagation-api-1.2.2.jar;C:\var\maven-repo\io\smallrye\smallrye-context-propagation-storage\1.2.2\smallrye-context-propagation-storage-1.2.2.jar;C:\var\maven-repo\io\smallrye\reactive\mutiny-smallrye-context-propagation\1.7.0\mutiny-smallrye-context-propagation-1.7.0.jar;C:\var\maven-repo\io\quarkus\quarkus-vertx\2.12.2.Final\quarkus-vertx-2.12.2.Final.jar;C:\var\maven-repo\io\quarkus\quarkus-netty\2.12.2.Final\quarkus-netty-2.12.2.Final.jar;C:\var\maven-repo\io\netty\netty-codec\4.1.79.Final\netty-codec-4.1.79.Final.jar;C:\var\maven-repo\io\netty\netty-codec-http\4.1.79.Final\netty-codec-http-4.1.79.Final.jar;C:\var\maven-repo\io\netty\netty-codec-http2\4.1.79.Final\netty-codec-http2-4.1.79.Final.jar;C:\var\maven-repo\io\netty\netty-handler\4.1.79.Final\netty-handler-4.1.79.Final.jar;C:\var\maven-repo\io\netty\netty-transport-native-unix-common\4.1.79.Final\netty-transport-native-unix-common-4.1.79.Final.jar;C:\var\maven-repo\com\aayushatharva\brotli4j\brotli4j\1.7.1\brotli4j-1.7.1.jar;C:\var\maven-repo\com\aayushatharva\brotli4j\native-windows-x86_64\1.7.1\native-windows-x86_64-1.7.1.jar;C:\var\maven-repo\io\netty\netty-codec-haproxy\4.1.79.Final\netty-codec-haproxy-4.1.79.Final.jar;C:\var\maven-repo\io\netty\netty-buffer\4.1.79.Final\netty-buffer-4.1.79.Final.jar;C:\var\maven-repo\io\netty\netty-transport\4.1.79.Final\netty-transport-4.1.79.Final.jar;C:\var\maven-repo\io\quarkus\quarkus-vertx-latebound-mdc-provider\2.12.2.Final\quarkus-vertx-latebound-mdc-provider-2.12.2.Final.jar;C:\var\maven-repo\io\smallrye\smallrye-fault-tolerance-vertx\5.5.0\smallrye-fault-tolerance-vertx-5.5.0.jar;C:\var\maven-repo\io\quarkus\resteasy\reactive\resteasy-reactive-vertx\2.12.2.Final\resteasy-reactive-vertx-2.12.2.Final.jar;C:\var\maven-repo\io\vertx\vertx-web\4.3.2\vertx-web-4.3.2.jar;C:\var\maven-repo\io\vertx\vertx-web-common\4.3.2\vertx-web-common-4.3.2.jar;C:\var\maven-repo\io\vertx\vertx-auth-common\4.3.2\vertx-auth-common-4.3.2.jar;C:\var\maven-repo\io\vertx\vertx-bridge-common\4.3.2\vertx-bridge-common-4.3.2.jar;C:\var\maven-repo\io\vertx\vertx-core\4.3.2\vertx-core-4.3.2.jar;C:\var\maven-repo\io\netty\netty-common\4.1.79.Final\netty-common-4.1.79.Final.jar;C:\var\maven-repo\io\netty\netty-handler-proxy\4.1.79.Final\netty-handler-proxy-4.1.79.Final.jar;C:\var\maven-repo\io\netty\netty-codec-socks\4.1.79.Final\netty-codec-socks-4.1.79.Final.jar;C:\var\maven-repo\io\netty\netty-resolver\4.1.79.Final\netty-resolver-4.1.79.Final.jar;C:\var\maven-repo\io\netty\netty-resolver-dns\4.1.79.Final\netty-resolver-dns-4.1.79.Final.jar;C:\var\maven-repo\io\netty\netty-codec-dns\4.1.79.Final\netty-codec-dns-4.1.79.Final.jar;C:\var\maven-repo\io\smallrye\reactive\smallrye-mutiny-vertx-core\2.25.0\smallrye-mutiny-vertx-core-2.25.0.jar;C:\var\maven-repo\io\smallrye\reactive\smallrye-mutiny-vertx-runtime\2.25.0\smallrye-mutiny-vertx-runtime-2.25.0.jar;C:\var\maven-repo\io\smallrye\reactive\vertx-mutiny-generator\2.25.0\vertx-mutiny-generator-2.25.0.jar;C:\var\maven-repo\io\vertx\vertx-codegen\4.3.2\vertx-codegen-4.3.2.jar;C:\var\maven-repo\io\quarkus\resteasy\reactive\resteasy-reactive\2.12.2.Final\resteasy-reactive-2.12.2.Final.jar;C:\var\maven-repo\org\jboss\spec\javax\ws\rs\jboss-jaxrs-api_2.1_spec\2.0.1.Final\jboss-jaxrs-api_2.1_spec-2.0.1.Final.jar;C:\var\maven-repo\io\quarkus\quarkus-vertx-http\2.12.2.Final\quarkus-vertx-http-2.12.2.Final.jar;C:\var\maven-repo\io\quarkus\quarkus-security-runtime-spi\2.12.2.Final\quarkus-security-runtime-spi-2.12.2.Final.jar;C:\var\maven-repo\io\quarkus\quarkus-credentials\2.12.2.Final\quarkus-credentials-2.12.2.Final.jar;C:\var\maven-repo\io\smallrye\common\smallrye-common-vertx-context\1.13.0\smallrye-common-vertx-context-1.13.0.jar;C:\var\maven-repo\io\smallrye\common\smallrye-common-constraint\1.13.0\smallrye-common-constraint-1.13.0.jar;C:\var\maven-repo\io\quarkus\quarkus-vertx-http-dev-console-runtime-spi\2.12.2.Final\quarkus-vertx-http-dev-console-runtime-spi-2.12.2.Final.jar;C:\var\maven-repo\io\quarkus\security\quarkus-security\1.1.4.Final\quarkus-security-1.1.4.Final.jar;C:\var\maven-repo\io\smallrye\reactive\smallrye-mutiny-vertx-web\2.25.0\smallrye-mutiny-vertx-web-2.25.0.jar;C:\var\maven-repo\io\smallrye\reactive\smallrye-mutiny-vertx-web-common\2.25.0\smallrye-mutiny-vertx-web-common-2.25.0.jar;C:\var\maven-repo\io\smallrye\reactive\smallrye-mutiny-vertx-auth-common\2.25.0\smallrye-mutiny-vertx-auth-common-2.25.0.jar;C:\var\maven-repo\io\smallrye\reactive\smallrye-mutiny-vertx-bridge-common\2.25.0\smallrye-mutiny-vertx-bridge-common-2.25.0.jar;C:\var\maven-repo\io\smallrye\reactive\smallrye-mutiny-vertx-uri-template\2.25.0\smallrye-mutiny-vertx-uri-template-2.25.0.jar;C:\var\maven-repo\io\vertx\vertx-uri-template\4.3.2\vertx-uri-template-4.3.2.jar;C:\var\maven-repo\io\github\crac\org-crac\0.1.1\org-crac-0.1.1.jar;C:\var\maven-repo\io\quarkus\quarkus-jsonp\2.12.2.Final\quarkus-jsonp-2.12.2.Final.jar;C:\var\maven-repo\org\glassfish\jakarta.json\1.1.6\jakarta.json-1.1.6.jar;C:\var\maven-repo\io\quarkus\quarkus-resteasy-reactive-jackson-common\2.12.2.Final\quarkus-resteasy-reactive-jackson-common-2.12.2.Final.jar;C:\var\maven-repo\io\quarkus\resteasy\reactive\resteasy-reactive-jackson\2.12.2.Final\resteasy-reactive-jackson-2.12.2.Final.jar;C:\var\maven-repo\com\fasterxml\jackson\core\jackson-databind\2.13.3\jackson-databind-2.13.3.jar;C:\var\maven-repo\com\fasterxml\jackson\core\jackson-annotations\2.13.3\jackson-annotations-2.13.3.jar;C:\var\maven-repo\com\fasterxml\jackson\core\jackson-core\2.13.3\jackson-core-2.13.3.jar;C:\var\maven-repo\io\quarkus\quarkus-jackson\2.12.2.Final\quarkus-jackson-2.12.2.Final.jar;C:\var\maven-repo\com\fasterxml\jackson\datatype\jackson-datatype-jsr310\2.13.3\jackson-datatype-jsr310-2.13.3.jar;C:\var\maven-repo\com\fasterxml\jackson\datatype\jackson-datatype-jdk8\2.13.3\jackson-datatype-jdk8-2.13.3.jar;C:\var\maven-repo\com\fasterxml\jackson\module\jackson-module-parameter-names\2.13.3\jackson-module-parameter-names-2.13.3.jar;C:\var\maven-repo\io\quarkus\quarkus-spring-web\2.12.2.Final\quarkus-spring-web-2.12.2.Final.jar;C:\var\maven-repo\io\quarkus\quarkus-spring-web-api\5.2.SP7\quarkus-spring-web-api-5.2.SP7.jar;C:\var\maven-repo\io\quarkus\quarkus-spring-webmvc-api\5.2.SP7\quarkus-spring-webmvc-api-5.2.SP7.jar;C:\var\maven-repo\io\quarkus\quarkus-spring-core-api\5.2.SP7\quarkus-spring-core-api-5.2.SP7.jar;C:\var\maven-repo\io\quarkus\quarkus-spring-context-api\5.2.SP7\quarkus-spring-context-api-5.2.SP7.jar;C:\var\maven-repo\io\quarkus\quarkus-spring-di\2.12.2.Final\quarkus-spring-di-2.12.2.Final.jar;C:\var\maven-repo\io\quarkus\quarkus-spring-beans-api\5.2.SP7\quarkus-spring-beans-api-5.2.SP7.jar;C:\var\maven-repo\io\quarkus\quarkus-arc\2.12.2.Final\quarkus-arc-2.12.2.Final.jar;C:\var\maven-repo\io\quarkus\arc\arc\2.12.2.Final\arc-2.12.2.Final.jar;C:\var\maven-repo\jakarta\enterprise\jakarta.enterprise.cdi-api\2.0.2\jakarta.enterprise.cdi-api-2.0.2.jar;C:\var\maven-repo\jakarta\el\jakarta.el-api\3.0.3\jakarta.el-api-3.0.3.jar;C:\var\maven-repo\jakarta\interceptor\jakarta.interceptor-api\1.2.5\jakarta.interceptor-api-1.2.5.jar;C:\var\maven-repo\jakarta\annotation\jakarta.annotation-api\1.3.5\jakarta.annotation-api-1.3.5.jar;C:\var\maven-repo\jakarta\transaction\jakarta.transaction-api\1.3.3\jakarta.transaction-api-1.3.3.jar;C:\var\maven-repo\org\jboss\logging\jboss-logging\3.5.0.Final\jboss-logging-3.5.0.Final.jar;C:\var\maven-repo\io\quarkus\quarkus-core\2.12.2.Final\quarkus-core-2.12.2.Final.jar;C:\var\maven-repo\jakarta\inject\jakarta.inject-api\1.0\jakarta.inject-api-1.0.jar;C:\var\maven-repo\io\quarkus\quarkus-ide-launcher\2.12.2.Final\quarkus-ide-launcher-2.12.2.Final.jar;C:\var\maven-repo\io\quarkus\quarkus-development-mode-spi\2.12.2.Final\quarkus-development-mode-spi-2.12.2.Final.jar;C:\var\maven-repo\io\smallrye\config\smallrye-config\2.12.0\smallrye-config-2.12.0.jar;C:\var\maven-repo\io\smallrye\config\smallrye-config-core\2.12.0\smallrye-config-core-2.12.0.jar;C:\var\maven-repo\org\eclipse\microprofile\config\microprofile-config-api\2.0.1\microprofile-config-api-2.0.1.jar;C:\var\maven-repo\io\smallrye\common\smallrye-common-expression\1.13.0\smallrye-common-expression-1.13.0.jar;C:\var\maven-repo\io\smallrye\common\smallrye-common-function\1.13.0\smallrye-common-function-1.13.0.jar;C:\var\maven-repo\io\smallrye\common\smallrye-common-classloader\1.13.0\smallrye-common-classloader-1.13.0.jar;C:\var\maven-repo\io\smallrye\config\smallrye-config-common\2.12.0\smallrye-config-common-2.12.0.jar;C:\var\maven-repo\org\jboss\logmanager\jboss-logmanager-embedded\1.0.10\jboss-logmanager-embedded-1.0.10.jar;C:\var\maven-repo\org\jboss\logging\jboss-logging-annotations\2.2.1.Final\jboss-logging-annotations-2.2.1.Final.jar;C:\var\maven-repo\org\jboss\threads\jboss-threads\3.4.3.Final\jboss-threads-3.4.3.Final.jar;C:\var\maven-repo\org\slf4j\slf4j-api\1.7.36\slf4j-api-1.7.36.jar;C:\var\maven-repo\org\jboss\slf4j\slf4j-jboss-logmanager\1.1.0.Final\slf4j-jboss-logmanager-1.1.0.Final.jar;C:\var\maven-repo\org\graalvm\sdk\graal-sdk\22.2.0\graal-sdk-22.2.0.jar;C:\var\maven-repo\org\wildfly\common\wildfly-common\1.5.4.Final-format-001\wildfly-common-1.5.4.Final-format-001.jar;C:\var\maven-repo\io\quarkus\quarkus-bootstrap-runner\2.12.2.Final\quarkus-bootstrap-runner-2.12.2.Final.jar;C:\var\maven-repo\io\quarkus\quarkus-fs-util\0.0.9\quarkus-fs-util-0.0.9.jar;C:\var\maven-repo\org\eclipse\microprofile\context-propagation\microprofile-context-propagation-api\1.2\microprofile-context-propagation-api-1.2.jar;C:\var\maven-repo\io\quarkus\quarkus-junit5\2.12.2.Final\quarkus-junit5-2.12.2.Final.jar;C:\var\maven-repo\io\quarkus\quarkus-bootstrap-core\2.12.2.Final\quarkus-bootstrap-core-2.12.2.Final.jar;C:\var\maven-repo\io\quarkus\quarkus-bootstrap-app-model\2.12.2.Final\quarkus-bootstrap-app-model-2.12.2.Final.jar;C:\var\maven-repo\io\quarkus\quarkus-bootstrap-maven-resolver\2.12.2.Final\quarkus-bootstrap-maven-resolver-2.12.2.Final.jar;C:\var\maven-repo\org\apache\maven\maven-embedder\3.8.6\maven-embedder-3.8.6.jar;C:\var\maven-repo\org\apache\maven\maven-settings\3.8.6\maven-settings-3.8.6.jar;C:\var\maven-repo\org\apache\maven\maven-core\3.8.6\maven-core-3.8.6.jar;C:\var\maven-repo\org\apache\maven\maven-artifact\3.8.6\maven-artifact-3.8.6.jar;C:\var\maven-repo\org\codehaus\plexus\plexus-component-annotations\2.1.0\plexus-component-annotations-2.1.0.jar;C:\var\maven-repo\org\apache\maven\maven-plugin-api\3.8.6\maven-plugin-api-3.8.6.jar;C:\var\maven-repo\org\apache\maven\maven-model\3.8.6\maven-model-3.8.6.jar;C:\var\maven-repo\org\apache\maven\maven-model-builder\3.8.6\maven-model-builder-3.8.6.jar;C:\var\maven-repo\org\apache\maven\maven-builder-support\3.8.6\maven-builder-support-3.8.6.jar;C:\var\maven-repo\org\apache\maven\resolver\maven-resolver-api\1.6.3\maven-resolver-api-1.6.3.jar;C:\var\maven-repo\org\apache\maven\resolver\maven-resolver-util\1.6.3\maven-resolver-util-1.6.3.jar;C:\var\maven-repo\org\apache\maven\shared\maven-shared-utils\3.3.4\maven-shared-utils-3.3.4.jar;C:\var\maven-repo\commons-io\commons-io\2.11.0\commons-io-2.11.0.jar;C:\var\maven-repo\com\google\inject\guice\4.2.2\guice-4.2.2-no_aop.jar;C:\var\maven-repo\com\google\guava\guava\31.1-jre\guava-31.1-jre.jar;C:\var\maven-repo\com\google\guava\failureaccess\1.0.1\failureaccess-1.0.1.jar;C:\var\maven-repo\org\codehaus\plexus\plexus-classworlds\2.6.0\plexus-classworlds-2.6.0.jar;C:\var\maven-repo\org\codehaus\plexus\plexus-sec-dispatcher\2.0\plexus-sec-dispatcher-2.0.jar;C:\var\maven-repo\org\codehaus\plexus\plexus-cipher\2.0\plexus-cipher-2.0.jar;C:\var\maven-repo\commons-cli\commons-cli\1.4\commons-cli-1.4.jar;C:\var\maven-repo\org\eclipse\sisu\org.eclipse.sisu.plexus\0.3.5\org.eclipse.sisu.plexus-0.3.5.jar;C:\var\maven-repo\org\apache\maven\maven-settings-builder\3.8.6\maven-settings-builder-3.8.6.jar;C:\var\maven-repo\org\codehaus\plexus\plexus-interpolation\1.26\plexus-interpolation-1.26.jar;C:\var\maven-repo\org\apache\maven\maven-resolver-provider\3.8.6\maven-resolver-provider-3.8.6.jar;C:\var\maven-repo\org\apache\maven\maven-repository-metadata\3.8.6\maven-repository-metadata-3.8.6.jar;C:\var\maven-repo\org\apache\maven\resolver\maven-resolver-spi\1.6.3\maven-resolver-spi-1.6.3.jar;C:\var\maven-repo\org\apache\maven\resolver\maven-resolver-impl\1.6.3\maven-resolver-impl-1.6.3.jar;C:\var\maven-repo\org\codehaus\plexus\plexus-utils\3.3.0\plexus-utils-3.3.0.jar;C:\var\maven-repo\org\apache\maven\resolver\maven-resolver-connector-basic\1.6.3\maven-resolver-connector-basic-1.6.3.jar;C:\var\maven-repo\org\apache\maven\resolver\maven-resolver-transport-wagon\1.6.3\maven-resolver-transport-wagon-1.6.3.jar;C:\var\maven-repo\org\apache\maven\wagon\wagon-http\3.5.1\wagon-http-3.5.1.jar;C:\var\maven-repo\org\apache\maven\wagon\wagon-http-shared\3.5.1\wagon-http-shared-3.5.1.jar;C:\var\maven-repo\org\apache\maven\wagon\wagon-provider-api\3.5.1\wagon-provider-api-3.5.1.jar;C:\var\maven-repo\org\apache\maven\wagon\wagon-file\3.5.1\wagon-file-3.5.1.jar;C:\var\maven-repo\io\quarkus\quarkus-bootstrap-gradle-resolver\2.12.2.Final\quarkus-bootstrap-gradle-resolver-2.12.2.Final.jar;C:\var\maven-repo\io\smallrye\common\smallrye-common-io\1.13.0\smallrye-common-io-1.13.0.jar;C:\var\maven-repo\org\eclipse\sisu\org.eclipse.sisu.inject\0.3.5\org.eclipse.sisu.inject-0.3.5.jar;C:\var\maven-repo\io\quarkus\quarkus-test-common\2.12.2.Final\quarkus-test-common-2.12.2.Final.jar;C:\var\maven-repo\io\quarkus\quarkus-core-deployment\2.12.2.Final\quarkus-core-deployment-2.12.2.Final.jar;C:\var\maven-repo\org\aesh\readline\2.2\readline-2.2.jar;C:\var\maven-repo\org\fusesource\jansi\jansi\1.18\jansi-1.18.jar;C:\var\maven-repo\org\aesh\aesh\2.6\aesh-2.6.jar;C:\var\maven-repo\io\quarkus\gizmo\gizmo\1.1.0.Final\gizmo-1.1.0.Final.jar;C:\var\maven-repo\org\ow2\asm\asm-util\9.3\asm-util-9.3.jar;C:\var\maven-repo\org\ow2\asm\asm\9.3\asm-9.3.jar;C:\var\maven-repo\org\ow2\asm\asm-commons\9.3\asm-commons-9.3.jar;C:\var\maven-repo\org\ow2\asm\asm-tree\9.3\asm-tree-9.3.jar;C:\var\maven-repo\org\ow2\asm\asm-analysis\9.3\asm-analysis-9.3.jar;C:\var\maven-repo\io\quarkus\quarkus-class-change-agent\2.12.2.Final\quarkus-class-change-agent-2.12.2.Final.jar;C:\var\maven-repo\io\quarkus\quarkus-devtools-utilities\2.12.2.Final\quarkus-devtools-utilities-2.12.2.Final.jar;C:\var\maven-repo\io\quarkus\quarkus-builder\2.12.2.Final\quarkus-builder-2.12.2.Final.jar;C:\var\maven-repo\org\junit\platform\junit-platform-launcher\1.9.0\junit-platform-launcher-1.9.0.jar;C:\var\maven-repo\org\jboss\jandex\2.4.3.Final\jandex-2.4.3.Final.jar;C:\var\maven-repo\org\jboss\logging\commons-logging-jboss-logging\1.0.0.Final\commons-logging-jboss-logging-1.0.0.Final.jar;C:\var\maven-repo\io\quarkus\quarkus-junit5-properties\2.12.2.Final\quarkus-junit5-properties-2.12.2.Final.jar;C:\var\maven-repo\org\junit\jupiter\junit-jupiter\5.9.0\junit-jupiter-5.9.0.jar;C:\var\maven-repo\org\junit\jupiter\junit-jupiter-api\5.9.0\junit-jupiter-api-5.9.0.jar;C:\var\maven-repo\org\opentest4j\opentest4j\1.2.0\opentest4j-1.2.0.jar;C:\var\maven-repo\org\junit\platform\junit-platform-commons\1.9.0\junit-platform-commons-1.9.0.jar;C:\var\maven-repo\org\apiguardian\apiguardian-api\1.1.2\apiguardian-api-1.1.2.jar;C:\var\maven-repo\org\junit\jupiter\junit-jupiter-params\5.9.0\junit-jupiter-params-5.9.0.jar;C:\var\maven-repo\org\junit\jupiter\junit-jupiter-engine\5.9.0\junit-jupiter-engine-5.9.0.jar;C:\var\maven-repo\org\junit\platform\junit-platform-engine\1.9.0\junit-platform-engine-1.9.0.jar;C:\var\maven-repo\com\thoughtworks\xstream\xstream\1.4.19\xstream-1.4.19.jar;C:\var\maven-repo\io\github\x-stream\mxparser\1.2.2\mxparser-1.2.2.jar;C:\var\maven-repo\xmlpull\xmlpull\1.1.3.1\xmlpull-1.1.3.1.jar;C:\var\maven-repo\io\rest-assured\rest-assured\4.5.1\rest-assured-4.5.1.jar;C:\var\maven-repo\org\codehaus\groovy\groovy\3.0.9\groovy-3.0.9.jar;C:\var\maven-repo\org\codehaus\groovy\groovy-xml\3.0.9\groovy-xml-3.0.9.jar;C:\var\maven-repo\org\apache\httpcomponents\httpclient\4.5.13\httpclient-4.5.13.jar;C:\var\maven-repo\org\apache\httpcomponents\httpcore\4.4.15\httpcore-4.4.15.jar;C:\var\maven-repo\commons-codec\commons-codec\1.15\commons-codec-1.15.jar;C:\var\maven-repo\org\apache\httpcomponents\httpmime\4.5.13\httpmime-4.5.13.jar;C:\var\maven-repo\org\hamcrest\hamcrest\2.1\hamcrest-2.1.jar;C:\var\maven-repo\org\ccil\cowan\tagsoup\tagsoup\1.2.1\tagsoup-1.2.1.jar;C:\var\maven-repo\io\rest-assured\json-path\4.5.1\json-path-4.5.1.jar;C:\var\maven-repo\org\codehaus\groovy\groovy-json\3.0.9\groovy-json-3.0.9.jar;C:\var\maven-repo\io\rest-assured\rest-assured-common\4.5.1\rest-assured-common-4.5.1.jar;C:\var\maven-repo\io\rest-assured\xml-path\4.5.1\xml-path-4.5.1.jar;C:\var\maven-repo\org\apache\commons\commons-lang3\3.12.0\commons-lang3-3.12.0.jar;C:\var\maven-repo\com\tngtech\archunit\archunit-junit5\0.23.1\archunit-junit5-0.23.1.jar;C:\var\maven-repo\com\tngtech\archunit\archunit-junit5-api\0.23.1\archunit-junit5-api-0.23.1.jar;C:\var\maven-repo\com\tngtech\archunit\archunit\0.23.1\archunit-0.23.1.jar;C:\var\maven-repo\com\tngtech\archunit\archunit-junit5-engine\0.23.1\archunit-junit5-engine-0.23.1.jar;C:\var\maven-repo\com\tngtech\archunit\archunit-junit5-engine-api\0.23.1\archunit-junit5-engine-api-0.23.1.jar;C:\var\maven-repo\org\assertj\assertj-core\3.18.1\assertj-core-3.18.1.jar;"/>
    <property name="java.vm.vendor" value="Oracle Corporation"/>
    <property name="sun.arch.data.model" value="64"/>
    <property name="user.variant" value=""/>
    <property name="java.vendor.url" value="https://java.oracle.com/"/>
    <property name="user.timezone" value="Europe/Brussels"/>
    <property name="user.country.format" value="BE"/>
    <property name="os.name" value="Windows 10"/>
    <property name="java.vm.specification.version" value="18"/>
    <property name="sun.java.launcher" value="SUN_STANDARD"/>
    <property name="user.country" value="US"/>
    <property name="sun.boot.library.path" value="C:\opt\jdk-18.0.1\bin"/>
    <property name="sun.java.command" value="C:\Users\Jochen.Szostek\AppData\Local\Temp\surefire6409932224325779102\surefirebooter-20221010084924741_3.jar C:\Users\Jochen.Szostek\AppData\Local\Temp\surefire6409932224325779102 2022-10-10T08-49-24_121-jvmRun1 surefire-20221010084924741_1tmp surefire_0-20221010084924741_2tmp"/>
    <property name="maven.home" value="C:\opt\ideaIU-2021.1.win\plugins\maven\lib\maven3"/>
    <property name="jdk.debug" value="release"/>
    <property name="surefire.test.class.path" value="C:\workspaces\devoxx-2022\workshop-devoxx-2022\part-01\target\test-classes;C:\workspaces\devoxx-2022\workshop-devoxx-2022\part-01\target\classes;C:\var\maven-repo\io\quarkus\quarkus-resteasy-reactive-jackson\2.12.2.Final\quarkus-resteasy-reactive-jackson-2.12.2.Final.jar;C:\var\maven-repo\io\quarkus\quarkus-resteasy-reactive\2.12.2.Final\quarkus-resteasy-reactive-2.12.2.Final.jar;C:\var\maven-repo\io\quarkus\quarkus-resteasy-reactive-common\2.12.2.Final\quarkus-resteasy-reactive-common-2.12.2.Final.jar;C:\var\maven-repo\io\quarkus\resteasy\reactive\resteasy-reactive-common\2.12.2.Final\resteasy-reactive-common-2.12.2.Final.jar;C:\var\maven-repo\io\quarkus\resteasy\reactive\resteasy-reactive-common-types\2.12.2.Final\resteasy-reactive-common-types-2.12.2.Final.jar;C:\var\maven-repo\io\smallrye\reactive\mutiny\1.7.0\mutiny-1.7.0.jar;C:\var\maven-repo\org\reactivestreams\reactive-streams\1.0.3\reactive-streams-1.0.3.jar;C:\var\maven-repo\io\smallrye\common\smallrye-common-annotation\1.13.0\smallrye-common-annotation-1.13.0.jar;C:\var\maven-repo\io\quarkus\quarkus-mutiny\2.12.2.Final\quarkus-mutiny-2.12.2.Final.jar;C:\var\maven-repo\io\quarkus\quarkus-smallrye-context-propagation\2.12.2.Final\quarkus-smallrye-context-propagation-2.12.2.Final.jar;C:\var\maven-repo\io\smallrye\smallrye-context-propagation\1.2.2\smallrye-context-propagation-1.2.2.jar;C:\var\maven-repo\io\smallrye\smallrye-context-propagation-api\1.2.2\smallrye-context-propagation-api-1.2.2.jar;C:\var\maven-repo\io\smallrye\smallrye-context-propagation-storage\1.2.2\smallrye-context-propagation-storage-1.2.2.jar;C:\var\maven-repo\io\smallrye\reactive\mutiny-smallrye-context-propagation\1.7.0\mutiny-smallrye-context-propagation-1.7.0.jar;C:\var\maven-repo\io\quarkus\quarkus-vertx\2.12.2.Final\quarkus-vertx-2.12.2.Final.jar;C:\var\maven-repo\io\quarkus\quarkus-netty\2.12.2.Final\quarkus-netty-2.12.2.Final.jar;C:\var\maven-repo\io\netty\netty-codec\4.1.79.Final\netty-codec-4.1.79.Final.jar;C:\var\maven-repo\io\netty\netty-codec-http\4.1.79.Final\netty-codec-http-4.1.79.Final.jar;C:\var\maven-repo\io\netty\netty-codec-http2\4.1.79.Final\netty-codec-http2-4.1.79.Final.jar;C:\var\maven-repo\io\netty\netty-handler\4.1.79.Final\netty-handler-4.1.79.Final.jar;C:\var\maven-repo\io\netty\netty-transport-native-unix-common\4.1.79.Final\netty-transport-native-unix-common-4.1.79.Final.jar;C:\var\maven-repo\com\aayushatharva\brotli4j\brotli4j\1.7.1\brotli4j-1.7.1.jar;C:\var\maven-repo\com\aayushatharva\brotli4j\native-windows-x86_64\1.7.1\native-windows-x86_64-1.7.1.jar;C:\var\maven-repo\io\netty\netty-codec-haproxy\4.1.79.Final\netty-codec-haproxy-4.1.79.Final.jar;C:\var\maven-repo\io\netty\netty-buffer\4.1.79.Final\netty-buffer-4.1.79.Final.jar;C:\var\maven-repo\io\netty\netty-transport\4.1.79.Final\netty-transport-4.1.79.Final.jar;C:\var\maven-repo\io\quarkus\quarkus-vertx-latebound-mdc-provider\2.12.2.Final\quarkus-vertx-latebound-mdc-provider-2.12.2.Final.jar;C:\var\maven-repo\io\smallrye\smallrye-fault-tolerance-vertx\5.5.0\smallrye-fault-tolerance-vertx-5.5.0.jar;C:\var\maven-repo\io\quarkus\resteasy\reactive\resteasy-reactive-vertx\2.12.2.Final\resteasy-reactive-vertx-2.12.2.Final.jar;C:\var\maven-repo\io\vertx\vertx-web\4.3.2\vertx-web-4.3.2.jar;C:\var\maven-repo\io\vertx\vertx-web-common\4.3.2\vertx-web-common-4.3.2.jar;C:\var\maven-repo\io\vertx\vertx-auth-common\4.3.2\vertx-auth-common-4.3.2.jar;C:\var\maven-repo\io\vertx\vertx-bridge-common\4.3.2\vertx-bridge-common-4.3.2.jar;C:\var\maven-repo\io\vertx\vertx-core\4.3.2\vertx-core-4.3.2.jar;C:\var\maven-repo\io\netty\netty-common\4.1.79.Final\netty-common-4.1.79.Final.jar;C:\var\maven-repo\io\netty\netty-handler-proxy\4.1.79.Final\netty-handler-proxy-4.1.79.Final.jar;C:\var\maven-repo\io\netty\netty-codec-socks\4.1.79.Final\netty-codec-socks-4.1.79.Final.jar;C:\var\maven-repo\io\netty\netty-resolver\4.1.79.Final\netty-resolver-4.1.79.Final.jar;C:\var\maven-repo\io\netty\netty-resolver-dns\4.1.79.Final\netty-resolver-dns-4.1.79.Final.jar;C:\var\maven-repo\io\netty\netty-codec-dns\4.1.79.Final\netty-codec-dns-4.1.79.Final.jar;C:\var\maven-repo\io\smallrye\reactive\smallrye-mutiny-vertx-core\2.25.0\smallrye-mutiny-vertx-core-2.25.0.jar;C:\var\maven-repo\io\smallrye\reactive\smallrye-mutiny-vertx-runtime\2.25.0\smallrye-mutiny-vertx-runtime-2.25.0.jar;C:\var\maven-repo\io\smallrye\reactive\vertx-mutiny-generator\2.25.0\vertx-mutiny-generator-2.25.0.jar;C:\var\maven-repo\io\vertx\vertx-codegen\4.3.2\vertx-codegen-4.3.2.jar;C:\var\maven-repo\io\quarkus\resteasy\reactive\resteasy-reactive\2.12.2.Final\resteasy-reactive-2.12.2.Final.jar;C:\var\maven-repo\org\jboss\spec\javax\ws\rs\jboss-jaxrs-api_2.1_spec\2.0.1.Final\jboss-jaxrs-api_2.1_spec-2.0.1.Final.jar;C:\var\maven-repo\io\quarkus\quarkus-vertx-http\2.12.2.Final\quarkus-vertx-http-2.12.2.Final.jar;C:\var\maven-repo\io\quarkus\quarkus-security-runtime-spi\2.12.2.Final\quarkus-security-runtime-spi-2.12.2.Final.jar;C:\var\maven-repo\io\quarkus\quarkus-credentials\2.12.2.Final\quarkus-credentials-2.12.2.Final.jar;C:\var\maven-repo\io\smallrye\common\smallrye-common-vertx-context\1.13.0\smallrye-common-vertx-context-1.13.0.jar;C:\var\maven-repo\io\smallrye\common\smallrye-common-constraint\1.13.0\smallrye-common-constraint-1.13.0.jar;C:\var\maven-repo\io\quarkus\quarkus-vertx-http-dev-console-runtime-spi\2.12.2.Final\quarkus-vertx-http-dev-console-runtime-spi-2.12.2.Final.jar;C:\var\maven-repo\io\quarkus\security\quarkus-security\1.1.4.Final\quarkus-security-1.1.4.Final.jar;C:\var\maven-repo\io\smallrye\reactive\smallrye-mutiny-vertx-web\2.25.0\smallrye-mutiny-vertx-web-2.25.0.jar;C:\var\maven-repo\io\smallrye\reactive\smallrye-mutiny-vertx-web-common\2.25.0\smallrye-mutiny-vertx-web-common-2.25.0.jar;C:\var\maven-repo\io\smallrye\reactive\smallrye-mutiny-vertx-auth-common\2.25.0\smallrye-mutiny-vertx-auth-common-2.25.0.jar;C:\var\maven-repo\io\smallrye\reactive\smallrye-mutiny-vertx-bridge-common\2.25.0\smallrye-mutiny-vertx-bridge-common-2.25.0.jar;C:\var\maven-repo\io\smallrye\reactive\smallrye-mutiny-vertx-uri-template\2.25.0\smallrye-mutiny-vertx-uri-template-2.25.0.jar;C:\var\maven-repo\io\vertx\vertx-uri-template\4.3.2\vertx-uri-template-4.3.2.jar;C:\var\maven-repo\io\github\crac\org-crac\0.1.1\org-crac-0.1.1.jar;C:\var\maven-repo\io\quarkus\quarkus-jsonp\2.12.2.Final\quarkus-jsonp-2.12.2.Final.jar;C:\var\maven-repo\org\glassfish\jakarta.json\1.1.6\jakarta.json-1.1.6.jar;C:\var\maven-repo\io\quarkus\quarkus-resteasy-reactive-jackson-common\2.12.2.Final\quarkus-resteasy-reactive-jackson-common-2.12.2.Final.jar;C:\var\maven-repo\io\quarkus\resteasy\reactive\resteasy-reactive-jackson\2.12.2.Final\resteasy-reactive-jackson-2.12.2.Final.jar;C:\var\maven-repo\com\fasterxml\jackson\core\jackson-databind\2.13.3\jackson-databind-2.13.3.jar;C:\var\maven-repo\com\fasterxml\jackson\core\jackson-annotations\2.13.3\jackson-annotations-2.13.3.jar;C:\var\maven-repo\com\fasterxml\jackson\core\jackson-core\2.13.3\jackson-core-2.13.3.jar;C:\var\maven-repo\io\quarkus\quarkus-jackson\2.12.2.Final\quarkus-jackson-2.12.2.Final.jar;C:\var\maven-repo\com\fasterxml\jackson\datatype\jackson-datatype-jsr310\2.13.3\jackson-datatype-jsr310-2.13.3.jar;C:\var\maven-repo\com\fasterxml\jackson\datatype\jackson-datatype-jdk8\2.13.3\jackson-datatype-jdk8-2.13.3.jar;C:\var\maven-repo\com\fasterxml\jackson\module\jackson-module-parameter-names\2.13.3\jackson-module-parameter-names-2.13.3.jar;C:\var\maven-repo\io\quarkus\quarkus-spring-web\2.12.2.Final\quarkus-spring-web-2.12.2.Final.jar;C:\var\maven-repo\io\quarkus\quarkus-spring-web-api\5.2.SP7\quarkus-spring-web-api-5.2.SP7.jar;C:\var\maven-repo\io\quarkus\quarkus-spring-webmvc-api\5.2.SP7\quarkus-spring-webmvc-api-5.2.SP7.jar;C:\var\maven-repo\io\quarkus\quarkus-spring-core-api\5.2.SP7\quarkus-spring-core-api-5.2.SP7.jar;C:\var\maven-repo\io\quarkus\quarkus-spring-context-api\5.2.SP7\quarkus-spring-context-api-5.2.SP7.jar;C:\var\maven-repo\io\quarkus\quarkus-spring-di\2.12.2.Final\quarkus-spring-di-2.12.2.Final.jar;C:\var\maven-repo\io\quarkus\quarkus-spring-beans-api\5.2.SP7\quarkus-spring-beans-api-5.2.SP7.jar;C:\var\maven-repo\io\quarkus\quarkus-arc\2.12.2.Final\quarkus-arc-2.12.2.Final.jar;C:\var\maven-repo\io\quarkus\arc\arc\2.12.2.Final\arc-2.12.2.Final.jar;C:\var\maven-repo\jakarta\enterprise\jakarta.enterprise.cdi-api\2.0.2\jakarta.enterprise.cdi-api-2.0.2.jar;C:\var\maven-repo\jakarta\el\jakarta.el-api\3.0.3\jakarta.el-api-3.0.3.jar;C:\var\maven-repo\jakarta\interceptor\jakarta.interceptor-api\1.2.5\jakarta.interceptor-api-1.2.5.jar;C:\var\maven-repo\jakarta\annotation\jakarta.annotation-api\1.3.5\jakarta.annotation-api-1.3.5.jar;C:\var\maven-repo\jakarta\transaction\jakarta.transaction-api\1.3.3\jakarta.transaction-api-1.3.3.jar;C:\var\maven-repo\org\jboss\logging\jboss-logging\3.5.0.Final\jboss-logging-3.5.0.Final.jar;C:\var\maven-repo\io\quarkus\quarkus-core\2.12.2.Final\quarkus-core-2.12.2.Final.jar;C:\var\maven-repo\jakarta\inject\jakarta.inject-api\1.0\jakarta.inject-api-1.0.jar;C:\var\maven-repo\io\quarkus\quarkus-ide-launcher\2.12.2.Final\quarkus-ide-launcher-2.12.2.Final.jar;C:\var\maven-repo\io\quarkus\quarkus-development-mode-spi\2.12.2.Final\quarkus-development-mode-spi-2.12.2.Final.jar;C:\var\maven-repo\io\smallrye\config\smallrye-config\2.12.0\smallrye-config-2.12.0.jar;C:\var\maven-repo\io\smallrye\config\smallrye-config-core\2.12.0\smallrye-config-core-2.12.0.jar;C:\var\maven-repo\org\eclipse\microprofile\config\microprofile-config-api\2.0.1\microprofile-config-api-2.0.1.jar;C:\var\maven-repo\io\smallrye\common\smallrye-common-expression\1.13.0\smallrye-common-expression-1.13.0.jar;C:\var\maven-repo\io\smallrye\common\smallrye-common-function\1.13.0\smallrye-common-function-1.13.0.jar;C:\var\maven-repo\io\smallrye\common\smallrye-common-classloader\1.13.0\smallrye-common-classloader-1.13.0.jar;C:\var\maven-repo\io\smallrye\config\smallrye-config-common\2.12.0\smallrye-config-common-2.12.0.jar;C:\var\maven-repo\org\jboss\logmanager\jboss-logmanager-embedded\1.0.10\jboss-logmanager-embedded-1.0.10.jar;C:\var\maven-repo\org\jboss\logging\jboss-logging-annotations\2.2.1.Final\jboss-logging-annotations-2.2.1.Final.jar;C:\var\maven-repo\org\jboss\threads\jboss-threads\3.4.3.Final\jboss-threads-3.4.3.Final.jar;C:\var\maven-repo\org\slf4j\slf4j-api\1.7.36\slf4j-api-1.7.36.jar;C:\var\maven-repo\org\jboss\slf4j\slf4j-jboss-logmanager\1.1.0.Final\slf4j-jboss-logmanager-1.1.0.Final.jar;C:\var\maven-repo\org\graalvm\sdk\graal-sdk\22.2.0\graal-sdk-22.2.0.jar;C:\var\maven-repo\org\wildfly\common\wildfly-common\1.5.4.Final-format-001\wildfly-common-1.5.4.Final-format-001.jar;C:\var\maven-repo\io\quarkus\quarkus-bootstrap-runner\2.12.2.Final\quarkus-bootstrap-runner-2.12.2.Final.jar;C:\var\maven-repo\io\quarkus\quarkus-fs-util\0.0.9\quarkus-fs-util-0.0.9.jar;C:\var\maven-repo\org\eclipse\microprofile\context-propagation\microprofile-context-propagation-api\1.2\microprofile-context-propagation-api-1.2.jar;C:\var\maven-repo\io\quarkus\quarkus-junit5\2.12.2.Final\quarkus-junit5-2.12.2.Final.jar;C:\var\maven-repo\io\quarkus\quarkus-bootstrap-core\2.12.2.Final\quarkus-bootstrap-core-2.12.2.Final.jar;C:\var\maven-repo\io\quarkus\quarkus-bootstrap-app-model\2.12.2.Final\quarkus-bootstrap-app-model-2.12.2.Final.jar;C:\var\maven-repo\io\quarkus\quarkus-bootstrap-maven-resolver\2.12.2.Final\quarkus-bootstrap-maven-resolver-2.12.2.Final.jar;C:\var\maven-repo\org\apache\maven\maven-embedder\3.8.6\maven-embedder-3.8.6.jar;C:\var\maven-repo\org\apache\maven\maven-settings\3.8.6\maven-settings-3.8.6.jar;C:\var\maven-repo\org\apache\maven\maven-core\3.8.6\maven-core-3.8.6.jar;C:\var\maven-repo\org\apache\maven\maven-artifact\3.8.6\maven-artifact-3.8.6.jar;C:\var\maven-repo\org\codehaus\plexus\plexus-component-annotations\2.1.0\plexus-component-annotations-2.1.0.jar;C:\var\maven-repo\org\apache\maven\maven-plugin-api\3.8.6\maven-plugin-api-3.8.6.jar;C:\var\maven-repo\org\apache\maven\maven-model\3.8.6\maven-model-3.8.6.jar;C:\var\maven-repo\org\apache\maven\maven-model-builder\3.8.6\maven-model-builder-3.8.6.jar;C:\var\maven-repo\org\apache\maven\maven-builder-support\3.8.6\maven-builder-support-3.8.6.jar;C:\var\maven-repo\org\apache\maven\resolver\maven-resolver-api\1.6.3\maven-resolver-api-1.6.3.jar;C:\var\maven-repo\org\apache\maven\resolver\maven-resolver-util\1.6.3\maven-resolver-util-1.6.3.jar;C:\var\maven-repo\org\apache\maven\shared\maven-shared-utils\3.3.4\maven-shared-utils-3.3.4.jar;C:\var\maven-repo\commons-io\commons-io\2.11.0\commons-io-2.11.0.jar;C:\var\maven-repo\com\google\inject\guice\4.2.2\guice-4.2.2-no_aop.jar;C:\var\maven-repo\com\google\guava\guava\31.1-jre\guava-31.1-jre.jar;C:\var\maven-repo\com\google\guava\failureaccess\1.0.1\failureaccess-1.0.1.jar;C:\var\maven-repo\org\codehaus\plexus\plexus-classworlds\2.6.0\plexus-classworlds-2.6.0.jar;C:\var\maven-repo\org\codehaus\plexus\plexus-sec-dispatcher\2.0\plexus-sec-dispatcher-2.0.jar;C:\var\maven-repo\org\codehaus\plexus\plexus-cipher\2.0\plexus-cipher-2.0.jar;C:\var\maven-repo\commons-cli\commons-cli\1.4\commons-cli-1.4.jar;C:\var\maven-repo\org\eclipse\sisu\org.eclipse.sisu.plexus\0.3.5\org.eclipse.sisu.plexus-0.3.5.jar;C:\var\maven-repo\org\apache\maven\maven-settings-builder\3.8.6\maven-settings-builder-3.8.6.jar;C:\var\maven-repo\org\codehaus\plexus\plexus-interpolation\1.26\plexus-interpolation-1.26.jar;C:\var\maven-repo\org\apache\maven\maven-resolver-provider\3.8.6\maven-resolver-provider-3.8.6.jar;C:\var\maven-repo\org\apache\maven\maven-repository-metadata\3.8.6\maven-repository-metadata-3.8.6.jar;C:\var\maven-repo\org\apache\maven\resolver\maven-resolver-spi\1.6.3\maven-resolver-spi-1.6.3.jar;C:\var\maven-repo\org\apache\maven\resolver\maven-resolver-impl\1.6.3\maven-resolver-impl-1.6.3.jar;C:\var\maven-repo\org\codehaus\plexus\plexus-utils\3.3.0\plexus-utils-3.3.0.jar;C:\var\maven-repo\org\apache\maven\resolver\maven-resolver-connector-basic\1.6.3\maven-resolver-connector-basic-1.6.3.jar;C:\var\maven-repo\org\apache\maven\resolver\maven-resolver-transport-wagon\1.6.3\maven-resolver-transport-wagon-1.6.3.jar;C:\var\maven-repo\org\apache\maven\wagon\wagon-http\3.5.1\wagon-http-3.5.1.jar;C:\var\maven-repo\org\apache\maven\wagon\wagon-http-shared\3.5.1\wagon-http-shared-3.5.1.jar;C:\var\maven-repo\org\apache\maven\wagon\wagon-provider-api\3.5.1\wagon-provider-api-3.5.1.jar;C:\var\maven-repo\org\apache\maven\wagon\wagon-file\3.5.1\wagon-file-3.5.1.jar;C:\var\maven-repo\io\quarkus\quarkus-bootstrap-gradle-resolver\2.12.2.Final\quarkus-bootstrap-gradle-resolver-2.12.2.Final.jar;C:\var\maven-repo\io\smallrye\common\smallrye-common-io\1.13.0\smallrye-common-io-1.13.0.jar;C:\var\maven-repo\org\eclipse\sisu\org.eclipse.sisu.inject\0.3.5\org.eclipse.sisu.inject-0.3.5.jar;C:\var\maven-repo\io\quarkus\quarkus-test-common\2.12.2.Final\quarkus-test-common-2.12.2.Final.jar;C:\var\maven-repo\io\quarkus\quarkus-core-deployment\2.12.2.Final\quarkus-core-deployment-2.12.2.Final.jar;C:\var\maven-repo\org\aesh\readline\2.2\readline-2.2.jar;C:\var\maven-repo\org\fusesource\jansi\jansi\1.18\jansi-1.18.jar;C:\var\maven-repo\org\aesh\aesh\2.6\aesh-2.6.jar;C:\var\maven-repo\io\quarkus\gizmo\gizmo\1.1.0.Final\gizmo-1.1.0.Final.jar;C:\var\maven-repo\org\ow2\asm\asm-util\9.3\asm-util-9.3.jar;C:\var\maven-repo\org\ow2\asm\asm\9.3\asm-9.3.jar;C:\var\maven-repo\org\ow2\asm\asm-commons\9.3\asm-commons-9.3.jar;C:\var\maven-repo\org\ow2\asm\asm-tree\9.3\asm-tree-9.3.jar;C:\var\maven-repo\org\ow2\asm\asm-analysis\9.3\asm-analysis-9.3.jar;C:\var\maven-repo\io\quarkus\quarkus-class-change-agent\2.12.2.Final\quarkus-class-change-agent-2.12.2.Final.jar;C:\var\maven-repo\io\quarkus\quarkus-devtools-utilities\2.12.2.Final\quarkus-devtools-utilities-2.12.2.Final.jar;C:\var\maven-repo\io\quarkus\quarkus-builder\2.12.2.Final\quarkus-builder-2.12.2.Final.jar;C:\var\maven-repo\org\junit\platform\junit-platform-launcher\1.9.0\junit-platform-launcher-1.9.0.jar;C:\var\maven-repo\org\jboss\jandex\2.4.3.Final\jandex-2.4.3.Final.jar;C:\var\maven-repo\org\jboss\logging\commons-logging-jboss-logging\1.0.0.Final\commons-logging-jboss-logging-1.0.0.Final.jar;C:\var\maven-repo\io\quarkus\quarkus-junit5-properties\2.12.2.Final\quarkus-junit5-properties-2.12.2.Final.jar;C:\var\maven-repo\org\junit\jupiter\junit-jupiter\5.9.0\junit-jupiter-5.9.0.jar;C:\var\maven-repo\org\junit\jupiter\junit-jupiter-api\5.9.0\junit-jupiter-api-5.9.0.jar;C:\var\maven-repo\org\opentest4j\opentest4j\1.2.0\opentest4j-1.2.0.jar;C:\var\maven-repo\org\junit\platform\junit-platform-commons\1.9.0\junit-platform-commons-1.9.0.jar;C:\var\maven-repo\org\apiguardian\apiguardian-api\1.1.2\apiguardian-api-1.1.2.jar;C:\var\maven-repo\org\junit\jupiter\junit-jupiter-params\5.9.0\junit-jupiter-params-5.9.0.jar;C:\var\maven-repo\org\junit\jupiter\junit-jupiter-engine\5.9.0\junit-jupiter-engine-5.9.0.jar;C:\var\maven-repo\org\junit\platform\junit-platform-engine\1.9.0\junit-platform-engine-1.9.0.jar;C:\var\maven-repo\com\thoughtworks\xstream\xstream\1.4.19\xstream-1.4.19.jar;C:\var\maven-repo\io\github\x-stream\mxparser\1.2.2\mxparser-1.2.2.jar;C:\var\maven-repo\xmlpull\xmlpull\1.1.3.1\xmlpull-1.1.3.1.jar;C:\var\maven-repo\io\rest-assured\rest-assured\4.5.1\rest-assured-4.5.1.jar;C:\var\maven-repo\org\codehaus\groovy\groovy\3.0.9\groovy-3.0.9.jar;C:\var\maven-repo\org\codehaus\groovy\groovy-xml\3.0.9\groovy-xml-3.0.9.jar;C:\var\maven-repo\org\apache\httpcomponents\httpclient\4.5.13\httpclient-4.5.13.jar;C:\var\maven-repo\org\apache\httpcomponents\httpcore\4.4.15\httpcore-4.4.15.jar;C:\var\maven-repo\commons-codec\commons-codec\1.15\commons-codec-1.15.jar;C:\var\maven-repo\org\apache\httpcomponents\httpmime\4.5.13\httpmime-4.5.13.jar;C:\var\maven-repo\org\hamcrest\hamcrest\2.1\hamcrest-2.1.jar;C:\var\maven-repo\org\ccil\cowan\tagsoup\tagsoup\1.2.1\tagsoup-1.2.1.jar;C:\var\maven-repo\io\rest-assured\json-path\4.5.1\json-path-4.5.1.jar;C:\var\maven-repo\org\codehaus\groovy\groovy-json\3.0.9\groovy-json-3.0.9.jar;C:\var\maven-repo\io\rest-assured\rest-assured-common\4.5.1\rest-assured-common-4.5.1.jar;C:\var\maven-repo\io\rest-assured\xml-path\4.5.1\xml-path-4.5.1.jar;C:\var\maven-repo\org\apache\commons\commons-lang3\3.12.0\commons-lang3-3.12.0.jar;C:\var\maven-repo\com\tngtech\archunit\archunit-junit5\0.23.1\archunit-junit5-0.23.1.jar;C:\var\maven-repo\com\tngtech\archunit\archunit-junit5-api\0.23.1\archunit-junit5-api-0.23.1.jar;C:\var\maven-repo\com\tngtech\archunit\archunit\0.23.1\archunit-0.23.1.jar;C:\var\maven-repo\com\tngtech\archunit\archunit-junit5-engine\0.23.1\archunit-junit5-engine-0.23.1.jar;C:\var\maven-repo\com\tngtech\archunit\archunit-junit5-engine-api\0.23.1\archunit-junit5-engine-api-0.23.1.jar;C:\var\maven-repo\org\assertj\assertj-core\3.18.1\assertj-core-3.18.1.jar;"/>
    <property name="sun.cpu.endian" value="little"/>
    <property name="user.home" value="C:\Users\Jochen.Szostek"/>
    <property name="user.language" value="en"/>
    <property name="jboss.log-version" value="false"/>
    <property name="java.specification.vendor" value="Oracle Corporation"/>
    <property name="io.netty.allocator.maxOrder" value="3"/>
    <property name="java.version.date" value="2022-04-19"/>
    <property name="java.home" value="C:\opt\jdk-18.0.1"/>
    <property name="file.separator" value="\"/>
    <property name="basedir" value="C:\workspaces\devoxx-2022\workshop-devoxx-2022\part-01"/>
    <property name="java.vm.compressedOopsMode" value="Zero based"/>
    <property name="line.separator" value="&#10;"/>
    <property name="java.vm.specification.vendor" value="Oracle Corporation"/>
    <property name="java.specification.name" value="Java Platform API Specification"/>
    <property name="surefire.real.class.path" value="C:\Users\Jochen.Szostek\AppData\Local\Temp\surefire6409932224325779102\surefirebooter-20221010084924741_3.jar"/>
    <property name="user.script" value=""/>
    <property name="sun.management.compiler" value="HotSpot 64-Bit Tiered Compilers"/>
    <property name="java.runtime.version" value="18.0.1+10-24"/>
    <property name="user.name" value="Jochen.Szostek"/>
    <property name="path.separator" value=";"/>
    <property name="os.version" value="10.0"/>
    <property name="java.runtime.name" value="OpenJDK Runtime Environment"/>
    <property name="file.encoding" value="UTF-8"/>
    <property name="java.vm.name" value="OpenJDK 64-Bit Server VM"/>
    <property name="localRepository" value="C:\var\maven-repo"/>
    <property name="java.vendor.url.bug" value="https://bugreport.java.com/bugreport/"/>
    <property name="java.io.tmpdir" value="C:\Users\JOCHEN~1.SZO\AppData\Local\Temp\"/>
    <property name="quarkus.log.file.path" value="target\quarkus.log"/>
    <property name="idea.version" value="2022.2.1"/>
    <property name="java.version" value="18.0.1"/>
    <property name="java.util.concurrent.ForkJoinPool.common.threadFactory" value="io.quarkus.bootstrap.forkjoin.QuarkusForkJoinWorkerThreadFactory"/>
    <property name="user.dir" value="C:\workspaces\devoxx-2022\workshop-devoxx-2022\part-01"/>
    <property name="os.arch" value="amd64"/>
    <property name="java.vm.specification.name" value="Java Virtual Machine Specification"/>
    <property name="vertx.disableDnsResolver" value="true"/>
    <property name="user.language.format" value="nl"/>
    <property name="sun.os.patch.level" value=""/>
    <property name="native.encoding" value="Cp1252"/>
    <property name="java.util.logging.manager" value="org.jboss.logmanager.LogManager"/>
    <property name="java.library.path" value="C:\opt\jdk-18.0.1\bin;C:\WINDOWS\Sun\Java\bin;C:\WINDOWS\system32;C:\WINDOWS;C:\Program Files (x86)\Eclipse Adoptium\jre-8.0.332.9-hotspot\bin;C:\Program Files\Eclipse Adoptium\jre-8.0.332.9-hotspot\bin;C:\opt\CollabNet\Subversion Client;C:\Program Files (x86)\Microsoft SDKs\Azure\CLI2\wbin;C:\Program Files (x86)\Common Files\Oracle\Java\javapath;C:\WINDOWS\system32;C:\WINDOWS;C:\WINDOWS\System32\Wbem;C:\WINDOWS\System32\WindowsPowerShell\v1.0\;C:\WINDOWS\System32\OpenSSH\;C:\Program Files\Intel\WiFi\bin\;C:\Program Files\Common Files\Intel\WirelessCommon\;C:\Program Files (x86)\Pulse Secure\VC142.CRT\X64\;C:\Program Files (x86)\Pulse Secure\VC142.CRT\X86\;C:\Program Files (x86)\Common Files\Pulse Secure\VC142.CRT\X64\;C:\Program Files (x86)\Common Files\Pulse Secure\VC142.CRT\X86\;C:\opt\Git\cmd;C:\Program Files\TortoiseGit\bin;C:\Program Files\Docker\Docker\resources\bin;C:\ProgramData\DockerDesktop\version-bin;C:\Program Files\Amazon\AWSCLIV2\;C:\Program Files\nodejs\;C:\opt\jdk-18.0.1\bin;C:\Users\Jochen.Szostek\AppData\Local\Microsoft\WindowsApps;C:\Users\Jochen.Szostek\bin;C:\opt\VSCode-insiders\bin;C:\Users\Jochen.Szostek\AppData\Local\GitHubDesktop\bin;C:\opt\apache-maven-3.6.3\bin;C:\Users\Jochen.Szostek\AppData\Roaming\npm\;c:\python27;;."/>
    <property name="java.vm.info" value="mixed mode, sharing"/>
    <property name="java.vendor" value="Oracle Corporation"/>
    <property name="vertx.disableTCCL" value="true"/>
    <property name="java.vm.version" value="18.0.1+10-24"/>
    <property name="sun.io.unicode.encoding" value="UnicodeLittle"/>
    <property name="io.netty.machineId" value="42:eb:d0:e3:e2:34:fb:0f"/>
    <property name="java.class.version" value="62.0"/>
  </properties>
  <testcase name="testHelloEndpoint" classname="eu.luminis.workshop.smallsteps.GreetingControllerTest" time="1.83">
    <system-out><![CDATA[2022-10-10 08:49:37,627 INFO  [io.quarkus] (main) part-01 1.0.0-SNAPSHOT on JVM (powered by Quarkus 2.12.2.Final) started in 2.861s. Listening on: http://localhost:8081
2022-10-10 08:49:37,629 INFO  [io.quarkus] (main) Profile test activated. 
2022-10-10 08:49:37,630 INFO  [io.quarkus] (main) Installed features: [cdi, resteasy-reactive, resteasy-reactive-jackson, smallrye-context-propagation, spring-di, spring-web, vertx]
]]></system-out>
  </testcase>
</testsuite>